<?xml version="1.0" encoding="UTF-8"?>
<testsuite xmlns:xsi="http://www.w3.org/2001/XMLSchema-instance" xsi:noNamespaceSchemaLocation="https://maven.apache.org/surefire/maven-surefire-plugin/xsd/surefire-test-report.xsd" name="ch.heigvd.dil.AppTest" time="0.086" tests="1" errors="0" skipped="0" failures="0">
  <properties>
    <property name="gopherProxySet" value="false"/>
    <property name="awt.toolkit" value="sun.lwawt.macosx.LWCToolkit"/>
    <property name="java.specification.version" value="11"/>
    <property name="sun.cpu.isalist" value=""/>
    <property name="sun.jnu.encoding" value="UTF-8"/>
    <property name="java.class.path" value="/Users/soaperz/Library/Mobile Documents/com~apple~CloudDocs/HEIG-VD/DIL/LABOS/projet-bailat_huart_mirabile_praz/target/test-classes:/Users/soaperz/Library/Mobile Documents/com~apple~CloudDocs/HEIG-VD/DIL/LABOS/projet-bailat_huart_mirabile_praz/target/classes:/Users/soaperz/.m2/repository/junit/junit/4.13.1/junit-4.13.1.jar:/Users/soaperz/.m2/repository/org/hamcrest/hamcrest-core/1.3/hamcrest-core-1.3.jar:"/>
    <property name="java.vm.vendor" value="Amazon.com Inc."/>
    <property name="sun.arch.data.model" value="64"/>
    <property name="java.vendor.url" value="https://aws.amazon.com/corretto/"/>
    <property name="user.timezone" value=""/>
    <property name="java.vm.specification.version" value="11"/>
    <property name="os.name" value="Mac OS X"/>
    <property name="sun.java.launcher" value="SUN_STANDARD"/>
    <property name="user.country" value="CH"/>
    <property name="sun.boot.library.path" value="/Users/soaperz/Library/Java/JavaVirtualMachines/corretto-11.0.12/Contents/Home/lib"/>
    <property name="sun.java.command" value="/Users/soaperz/Library/Mobile Documents/com~apple~CloudDocs/HEIG-VD/DIL/LABOS/projet-bailat_huart_mirabile_praz/target/surefire/surefirebooter2259056309072620089.jar /Users/soaperz/Library/Mobile Documents/com~apple~CloudDocs/HEIG-VD/DIL/LABOS/projet-bailat_huart_mirabile_praz/target/surefire 2022-03-09T15-19-36_599-jvmRun1 surefire10967823000254679399tmp surefire_03755411679348989330tmp"/>
    <property name="http.nonProxyHosts" value="local|*.local|169.254/16|*.169.254/16"/>
    <property name="jdk.debug" value="release"/>
    <property name="surefire.test.class.path" value="/Users/soaperz/Library/Mobile Documents/com~apple~CloudDocs/HEIG-VD/DIL/LABOS/projet-bailat_huart_mirabile_praz/target/test-classes:/Users/soaperz/Library/Mobile Documents/com~apple~CloudDocs/HEIG-VD/DIL/LABOS/projet-bailat_huart_mirabile_praz/target/classes:/Users/soaperz/.m2/repository/junit/junit/4.13.1/junit-4.13.1.jar:/Users/soaperz/.m2/repository/org/hamcrest/hamcrest-core/1.3/hamcrest-core-1.3.jar:"/>
    <property name="sun.cpu.endian" value="little"/>
    <property name="user.home" value="/Users/soaperz"/>
    <property name="user.language" value="fr"/>
    <property name="java.specification.vendor" value="Oracle Corporation"/>
    <property name="java.version.date" value="2021-07-20"/>
    <property name="java.home" value="/Users/soaperz/Library/Java/JavaVirtualMachines/corretto-11.0.12/Contents/Home"/>
    <property name="file.separator" value="/"/>
    <property name="basedir" value="/Users/soaperz/Library/Mobile Documents/com~apple~CloudDocs/HEIG-VD/DIL/LABOS/projet-bailat_huart_mirabile_praz"/>
    <property name="java.vm.compressedOopsMode" value="Zero based"/>
    <property name="line.separator" value="&#10;"/>
    <property name="java.specification.name" value="Java Platform API Specification"/>
    <property name="java.vm.specification.vendor" value="Oracle Corporation"/>
    <property name="java.awt.graphicsenv" value="sun.awt.CGraphicsEnvironment"/>
    <property name="surefire.real.class.path" value="/Users/soaperz/Library/Mobile Documents/com~apple~CloudDocs/HEIG-VD/DIL/LABOS/projet-bailat_huart_mirabile_praz/target/surefire/surefirebooter2259056309072620089.jar"/>
    <property name="sun.management.compiler" value="HotSpot 64-Bit Tiered Compilers"/>
    <property name="ftp.nonProxyHosts" value="local|*.local|169.254/16|*.169.254/16"/>
    <property name="java.runtime.version" value="11.0.12+7-LTS"/>
    <property name="user.name" value="soaperz"/>
    <property name="path.separator" value=":"/>
    <property name="os.version" value="12.2.1"/>
    <property name="java.runtime.name" value="OpenJDK Runtime Environment"/>
    <property name="file.encoding" value="UTF-8"/>
    <property name="java.vm.name" value="OpenJDK 64-Bit Server VM"/>
    <property name="java.vendor.version" value="Corretto-11.0.12.7.2"/>
    <property name="localRepository" value="/Users/soaperz/.m2/repository"/>
    <property name="java.vendor.url.bug" value="https://github.com/corretto/corretto-11/issues/"/>
    <property name="java.io.tmpdir" value="/var/folders/3f/zp7xqqxd7r5d74fq9q5rg5580000gn/T/"/>
    <property name="java.version" value="11.0.12"/>
    <property name="user.dir" value="/Users/soaperz/Library/Mobile Documents/com~apple~CloudDocs/HEIG-VD/DIL/LABOS/projet-bailat_huart_mirabile_praz"/>
    <property name="os.arch" value="x86_64"/>
    <property name="java.vm.specification.name" value="Java Virtual Machine Specification"/>
    <property name="java.awt.printerjob" value="sun.lwawt.macosx.CPrinterJob"/>
    <property name="sun.os.patch.level" value="unknown"/>
    <property name="java.library.path" value="/Users/soaperz/Library/Java/Extensions:/Library/Java/Extensions:/Network/Library/Java/Extensions:/System/Library/Java/Extensions:/usr/lib/java:."/>
    <property name="java.vm.info" value="mixed mode"/>
    <property name="java.vendor" value="Amazon.com Inc."/>
    <property name="java.vm.version" value="11.0.12+7-LTS"/>
    <property name="sun.io.unicode.encoding" value="UnicodeBig"/>
    <property name="java.class.version" value="55.0"/>
    <property name="socksNonProxyHosts" value="local|*.local|169.254/16|*.169.254/16"/>
  </properties>
  <testcase name="shouldAnswerWithTrue" classname="ch.heigvd.dil.AppTest" time="0.004"/>
</testsuite>